  FileName.cpp
D:\XMUM\VS\Project2\Project2\FileName.cpp(7,9): warning C4005: 'GLEW_STATIC': macro redefinition
      D:\XMUM\VS\Project2\Project2\FileName.cpp(7,9):
      'GLEW_STATIC' previously declared on the command line
  
C:\Program Files (x86)\Windows Kits\10\Include\10.0.22621.0\shared\minwindef.h(130,9): warning C4005: 'APIENTRY': macro redefinition
  (compiling source file 'FileName.cpp')
      D:\XMUM\VS\Project2\packages\glfw.3.4.0\build\native\include\GLFW\glfw3.h(123,11):
      see previous definition of 'APIENTRY'
  
D:\XMUM\VS\Project2\Project2\FileName.cpp(264,1): warning C4566: character represented by universal-character-name '\u589E' cannot be represented in the current code page (1252)
D:\XMUM\VS\Project2\Project2\FileName.cpp(264,1): warning C4566: character represented by universal-character-name '\u5F3A' cannot be represented in the current code page (1252)
D:\XMUM\VS\Project2\Project2\FileName.cpp(264,1): warning C4566: character represented by universal-character-name '\u7684' cannot be represented in the current code page (1252)
D:\XMUM\VS\Project2\Project2\FileName.cpp(264,1): warning C4566: character represented by universal-character-name '\u690D' cannot be represented in the current code page (1252)
D:\XMUM\VS\Project2\Project2\FileName.cpp(264,1): warning C4566: character represented by universal-character-name '\u7269' cannot be represented in the current code page (1252)
D:\XMUM\VS\Project2\Project2\FileName.cpp(264,1): warning C4566: character represented by universal-character-name '\u98CE' cannot be represented in the current code page (1252)
D:\XMUM\VS\Project2\Project2\FileName.cpp(264,1): warning C4566: character represented by universal-character-name '\u52A8' cannot be represented in the current code page (1252)
D:\XMUM\VS\Project2\Project2\FileName.cpp(264,1): warning C4566: character represented by universal-character-name '\u753B' cannot be represented in the current code page (1252)
D:\XMUM\VS\Project2\Project2\FileName.cpp(264,1): warning C4566: character represented by universal-character-name '\u7CFB' cannot be represented in the current code page (1252)
D:\XMUM\VS\Project2\Project2\FileName.cpp(264,1): warning C4566: character represented by universal-character-name '\u7EDF' cannot be represented in the current code page (1252)
D:\XMUM\VS\Project2\Project2\FileName.cpp(269,1): warning C4566: character represented by universal-character-name '\u6839' cannot be represented in the current code page (1252)
D:\XMUM\VS\Project2\Project2\FileName.cpp(269,1): warning C4566: character represented by universal-character-name '\u636E' cannot be represented in the current code page (1252)
D:\XMUM\VS\Project2\Project2\FileName.cpp(269,1): warning C4566: character represented by universal-character-name '\u5929' cannot be represented in the current code page (1252)
D:\XMUM\VS\Project2\Project2\FileName.cpp(269,1): warning C4566: character represented by universal-character-name '\u6C14' cannot be represented in the current code page (1252)
D:\XMUM\VS\Project2\Project2\FileName.cpp(269,1): warning C4566: character represented by universal-character-name '\u7C7B' cannot be represented in the current code page (1252)
D:\XMUM\VS\Project2\Project2\FileName.cpp(269,1): warning C4566: character represented by universal-character-name '\u578B' cannot be represented in the current code page (1252)
D:\XMUM\VS\Project2\Project2\FileName.cpp(269,1): warning C4566: character represented by universal-character-name '\u8C03' cannot be represented in the current code page (1252)
D:\XMUM\VS\Project2\Project2\FileName.cpp(269,1): warning C4566: character represented by universal-character-name '\u6574' cannot be represented in the current code page (1252)
D:\XMUM\VS\Project2\Project2\FileName.cpp(269,1): warning C4566: character represented by universal-character-name '\u98CE' cannot be represented in the current code page (1252)
D:\XMUM\VS\Project2\Project2\FileName.cpp(269,1): warning C4566: character represented by universal-character-name '\u6548' cannot be represented in the current code page (1252)
D:\XMUM\VS\Project2\Project2\FileName.cpp(269,1): warning C4566: character represented by universal-character-name '\u679C' cannot be represented in the current code page (1252)
D:\XMUM\VS\Project2\Project2\FileName.cpp(271,1): warning C4566: character represented by universal-character-name '\u66B4' cannot be represented in the current code page (1252)
D:\XMUM\VS\Project2\Project2\FileName.cpp(271,1): warning C4566: character represented by universal-character-name '\u98CE' cannot be represented in the current code page (1252)
D:\XMUM\VS\Project2\Project2\FileName.cpp(271,1): warning C4566: character represented by universal-character-name '\u96E8' cannot be represented in the current code page (1252)
D:\XMUM\VS\Project2\Project2\FileName.cpp(272,1): warning C4566: character represented by universal-character-name '\u96E8' cannot be represented in the current code page (1252)
D:\XMUM\VS\Project2\Project2\FileName.cpp(272,1): warning C4566: character represented by universal-character-name '\u5929' cannot be represented in the current code page (1252)
D:\XMUM\VS\Project2\Project2\FileName.cpp(273,1): warning C4566: character represented by universal-character-name '\u591A' cannot be represented in the current code page (1252)
D:\XMUM\VS\Project2\Project2\FileName.cpp(273,1): warning C4566: character represented by universal-character-name '\u4E91' cannot be represented in the current code page (1252)
D:\XMUM\VS\Project2\Project2\FileName.cpp(278,1): warning C4566: character represented by universal-character-name '\u591A' cannot be represented in the current code page (1252)
D:\XMUM\VS\Project2\Project2\FileName.cpp(278,1): warning C4566: character represented by universal-character-name '\u5C42' cannot be represented in the current code page (1252)
D:\XMUM\VS\Project2\Project2\FileName.cpp(278,1): warning C4566: character represented by universal-character-name '\u6B21' cannot be represented in the current code page (1252)
D:\XMUM\VS\Project2\Project2\FileName.cpp(278,1): warning C4566: character represented by universal-character-name '\u98CE' cannot be represented in the current code page (1252)
D:\XMUM\VS\Project2\Project2\FileName.cpp(278,1): warning C4566: character represented by universal-character-name '\u52A8' cannot be represented in the current code page (1252)
D:\XMUM\VS\Project2\Project2\FileName.cpp(278,1): warning C4566: character represented by universal-character-name '\u753B' cannot be represented in the current code page (1252)
D:\XMUM\VS\Project2\Project2\FileName.cpp(291,1): warning C4566: character represented by universal-character-name '\u96E8' cannot be represented in the current code page (1252)
D:\XMUM\VS\Project2\Project2\FileName.cpp(291,1): warning C4566: character represented by universal-character-name '\u6EF4' cannot be represented in the current code page (1252)
D:\XMUM\VS\Project2\Project2\FileName.cpp(291,1): warning C4566: character represented by universal-character-name '\u6548' cannot be represented in the current code page (1252)
D:\XMUM\VS\Project2\Project2\FileName.cpp(291,1): warning C4566: character represented by universal-character-name '\u679C' cannot be represented in the current code page (1252)
D:\XMUM\VS\Project2\Project2\FileName.cpp(307,1): warning C4566: character represented by universal-character-name '\u96FE' cannot be represented in the current code page (1252)
D:\XMUM\VS\Project2\Project2\FileName.cpp(307,1): warning C4566: character represented by universal-character-name '\u6548' cannot be represented in the current code page (1252)
D:\XMUM\VS\Project2\Project2\FileName.cpp(307,1): warning C4566: character represented by universal-character-name '\u679C' cannot be represented in the current code page (1252)
D:\XMUM\VS\Project2\Project2\FileName.cpp(307,1): warning C4566: character represented by universal-character-name '\u8BA1' cannot be represented in the current code page (1252)
D:\XMUM\VS\Project2\Project2\FileName.cpp(307,1): warning C4566: character represented by universal-character-name '\u7B97' cannot be represented in the current code page (1252)
D:\XMUM\VS\Project2\Project2\FileName.cpp(337,1): warning C4566: character represented by universal-character-name '\u57FA' cannot be represented in the current code page (1252)
D:\XMUM\VS\Project2\Project2\FileName.cpp(337,1): warning C4566: character represented by universal-character-name '\u7840' cannot be represented in the current code page (1252)
D:\XMUM\VS\Project2\Project2\FileName.cpp(337,1): warning C4566: character represented by universal-character-name '\u73AF' cannot be represented in the current code page (1252)
D:\XMUM\VS\Project2\Project2\FileName.cpp(337,1): warning C4566: character represented by universal-character-name '\u5883' cannot be represented in the current code page (1252)
D:\XMUM\VS\Project2\Project2\FileName.cpp(337,1): warning C4566: character represented by universal-character-name '\u5149' cannot be represented in the current code page (1252)
D:\XMUM\VS\Project2\Project2\FileName.cpp(337,1): warning C4566: character represented by universal-character-name '\u6839' cannot be represented in the current code page (1252)
D:\XMUM\VS\Project2\Project2\FileName.cpp(337,1): warning C4566: character represented by universal-character-name '\u636E' cannot be represented in the current code page (1252)
D:\XMUM\VS\Project2\Project2\FileName.cpp(337,1): warning C4566: character represented by universal-character-name '\u5929' cannot be represented in the current code page (1252)
D:\XMUM\VS\Project2\Project2\FileName.cpp(337,1): warning C4566: character represented by universal-character-name '\u6C14' cannot be represented in the current code page (1252)
D:\XMUM\VS\Project2\Project2\FileName.cpp(337,1): warning C4566: character represented by universal-character-name '\u8C03' cannot be represented in the current code page (1252)
D:\XMUM\VS\Project2\Project2\FileName.cpp(337,1): warning C4566: character represented by universal-character-name '\u6574' cannot be represented in the current code page (1252)
D:\XMUM\VS\Project2\Project2\FileName.cpp(339,1): warning C4566: character represented by universal-character-name '\u6674' cannot be represented in the current code page (1252)
D:\XMUM\VS\Project2\Project2\FileName.cpp(339,1): warning C4566: character represented by universal-character-name '\u5929' cannot be represented in the current code page (1252)
D:\XMUM\VS\Project2\Project2\FileName.cpp(341,1): warning C4566: character represented by universal-character-name '\u591A' cannot be represented in the current code page (1252)
D:\XMUM\VS\Project2\Project2\FileName.cpp(341,1): warning C4566: character represented by universal-character-name '\u4E91' cannot be represented in the current code page (1252)
D:\XMUM\VS\Project2\Project2\FileName.cpp(343,1): warning C4566: character represented by universal-character-name '\u96E8' cannot be represented in the current code page (1252)
D:\XMUM\VS\Project2\Project2\FileName.cpp(343,1): warning C4566: character represented by universal-character-name '\u5929' cannot be represented in the current code page (1252)
D:\XMUM\VS\Project2\Project2\FileName.cpp(345,1): warning C4566: character represented by universal-character-name '\u66B4' cannot be represented in the current code page (1252)
D:\XMUM\VS\Project2\Project2\FileName.cpp(345,1): warning C4566: character represented by universal-character-name '\u98CE' cannot be represented in the current code page (1252)
D:\XMUM\VS\Project2\Project2\FileName.cpp(345,1): warning C4566: character represented by universal-character-name '\u96E8' cannot be represented in the current code page (1252)
D:\XMUM\VS\Project2\Project2\FileName.cpp(349,1): warning C4566: character represented by universal-character-name '\u4E91' cannot be represented in the current code page (1252)
D:\XMUM\VS\Project2\Project2\FileName.cpp(349,1): warning C4566: character represented by universal-character-name '\u5C42' cannot be represented in the current code page (1252)
D:\XMUM\VS\Project2\Project2\FileName.cpp(349,1): warning C4566: character represented by universal-character-name '\u5F71' cannot be represented in the current code page (1252)
D:\XMUM\VS\Project2\Project2\FileName.cpp(349,1): warning C4566: character represented by universal-character-name '\u54CD' cannot be represented in the current code page (1252)
D:\XMUM\VS\Project2\Project2\FileName.cpp(349,1): warning C4566: character represented by universal-character-name '\u7684' cannot be represented in the current code page (1252)
D:\XMUM\VS\Project2\Project2\FileName.cpp(349,1): warning C4566: character represented by universal-character-name '\u5149' cannot be represented in the current code page (1252)
D:\XMUM\VS\Project2\Project2\FileName.cpp(349,1): warning C4566: character represented by universal-character-name '\u7167' cannot be represented in the current code page (1252)
D:\XMUM\VS\Project2\Project2\FileName.cpp(349,1): warning C4566: character represented by universal-character-name '\u5F3A' cannot be represented in the current code page (1252)
D:\XMUM\VS\Project2\Project2\FileName.cpp(349,1): warning C4566: character represented by universal-character-name '\u5EA6' cannot be represented in the current code page (1252)
D:\XMUM\VS\Project2\Project2\FileName.cpp(352,1): warning C4566: character represented by universal-character-name '\u6F2B' cannot be represented in the current code page (1252)
D:\XMUM\VS\Project2\Project2\FileName.cpp(352,1): warning C4566: character represented by universal-character-name '\u53CD' cannot be represented in the current code page (1252)
D:\XMUM\VS\Project2\Project2\FileName.cpp(352,1): warning C4566: character represented by universal-character-name '\u5C04' cannot be represented in the current code page (1252)
D:\XMUM\VS\Project2\Project2\FileName.cpp(356,1): warning C4566: character represented by universal-character-name '\u6750' cannot be represented in the current code page (1252)
D:\XMUM\VS\Project2\Project2\FileName.cpp(356,1): warning C4566: character represented by universal-character-name '\u8D28' cannot be represented in the current code page (1252)
D:\XMUM\VS\Project2\Project2\FileName.cpp(356,1): warning C4566: character represented by universal-character-name '\u7279' cannot be represented in the current code page (1252)
D:\XMUM\VS\Project2\Project2\FileName.cpp(356,1): warning C4566: character represented by universal-character-name '\u5B9A' cannot be represented in the current code page (1252)
D:\XMUM\VS\Project2\Project2\FileName.cpp(356,1): warning C4566: character represented by universal-character-name '\u6548' cannot be represented in the current code page (1252)
D:\XMUM\VS\Project2\Project2\FileName.cpp(356,1): warning C4566: character represented by universal-character-name '\u679C' cannot be represented in the current code page (1252)
D:\XMUM\VS\Project2\Project2\FileName.cpp(359,1): warning C4566: character represented by universal-character-name '\u91D1' cannot be represented in the current code page (1252)
D:\XMUM\VS\Project2\Project2\FileName.cpp(359,1): warning C4566: character represented by universal-character-name '\u5C5E' cannot be represented in the current code page (1252)
D:\XMUM\VS\Project2\Project2\FileName.cpp(359,1): warning C4566: character represented by universal-character-name '\u6750' cannot be represented in the current code page (1252)
D:\XMUM\VS\Project2\Project2\FileName.cpp(359,1): warning C4566: character represented by universal-character-name '\u8D28' cannot be represented in the current code page (1252)
D:\XMUM\VS\Project2\Project2\FileName.cpp(364,1): warning C4566: character represented by universal-character-name '\u690D' cannot be represented in the current code page (1252)
D:\XMUM\VS\Project2\Project2\FileName.cpp(364,1): warning C4566: character represented by universal-character-name '\u7269' cannot be represented in the current code page (1252)
D:\XMUM\VS\Project2\Project2\FileName.cpp(364,1): warning C4566: character represented by universal-character-name '\u6750' cannot be represented in the current code page (1252)
D:\XMUM\VS\Project2\Project2\FileName.cpp(364,1): warning C4566: character represented by universal-character-name '\u8D28' cannot be represented in the current code page (1252)
D:\XMUM\VS\Project2\Project2\FileName.cpp(365,1): warning C4566: character represented by universal-character-name '\u6B21' cannot be represented in the current code page (1252)
D:\XMUM\VS\Project2\Project2\FileName.cpp(365,1): warning C4566: character represented by universal-character-name '\u8868' cannot be represented in the current code page (1252)
D:\XMUM\VS\Project2\Project2\FileName.cpp(365,1): warning C4566: character represented by universal-character-name '\u9762' cannot be represented in the current code page (1252)
D:\XMUM\VS\Project2\Project2\FileName.cpp(365,1): warning C4566: character represented by universal-character-name '\u6563' cannot be represented in the current code page (1252)
D:\XMUM\VS\Project2\Project2\FileName.cpp(365,1): warning C4566: character represented by universal-character-name '\u5C04' cannot be represented in the current code page (1252)
D:\XMUM\VS\Project2\Project2\FileName.cpp(365,1): warning C4566: character represented by universal-character-name '\u6548' cannot be represented in the current code page (1252)
D:\XMUM\VS\Project2\Project2\FileName.cpp(365,1): warning C4566: character represented by universal-character-name '\u679C' cannot be represented in the current code page (1252)
D:\XMUM\VS\Project2\Project2\FileName.cpp(370,1): warning C4566: character represented by universal-character-name '\u53F6' cannot be represented in the current code page (1252)
D:\XMUM\VS\Project2\Project2\FileName.cpp(370,1): warning C4566: character represented by universal-character-name '\u7247' cannot be represented in the current code page (1252)
D:\XMUM\VS\Project2\Project2\FileName.cpp(370,1): warning C4566: character represented by universal-character-name '\u8FB9' cannot be represented in the current code page (1252)
D:\XMUM\VS\Project2\Project2\FileName.cpp(370,1): warning C4566: character represented by universal-character-name '\u7F18' cannot be represented in the current code page (1252)
D:\XMUM\VS\Project2\Project2\FileName.cpp(370,1): warning C4566: character represented by universal-character-name '\u53D1' cannot be represented in the current code page (1252)
D:\XMUM\VS\Project2\Project2\FileName.cpp(370,1): warning C4566: character represented by universal-character-name '\u5149' cannot be represented in the current code page (1252)
D:\XMUM\VS\Project2\Project2\FileName.cpp(370,1): warning C4566: character represented by universal-character-name '\u6548' cannot be represented in the current code page (1252)
D:\XMUM\VS\Project2\Project2\FileName.cpp(370,1): warning C4566: character represented by universal-character-name '\u679C' cannot be represented in the current code page (1252)
D:\XMUM\VS\Project2\Project2\FileName.cpp(375,1): warning C4566: character represented by universal-character-name '\u96E8' cannot be represented in the current code page (1252)
D:\XMUM\VS\Project2\Project2\FileName.cpp(375,1): warning C4566: character represented by universal-character-name '\u6EF4' cannot be represented in the current code page (1252)
D:\XMUM\VS\Project2\Project2\FileName.cpp(375,1): warning C4566: character represented by universal-character-name '\u53CD' cannot be represented in the current code page (1252)
D:\XMUM\VS\Project2\Project2\FileName.cpp(375,1): warning C4566: character represented by universal-character-name '\u5C04' cannot be represented in the current code page (1252)
D:\XMUM\VS\Project2\Project2\FileName.cpp(375,1): warning C4566: character represented by universal-character-name '\u6548' cannot be represented in the current code page (1252)
D:\XMUM\VS\Project2\Project2\FileName.cpp(375,1): warning C4566: character represented by universal-character-name '\u679C' cannot be represented in the current code page (1252)
D:\XMUM\VS\Project2\Project2\FileName.cpp(382,1): warning C4566: character represented by universal-character-name '\u73BB' cannot be represented in the current code page (1252)
D:\XMUM\VS\Project2\Project2\FileName.cpp(382,1): warning C4566: character represented by universal-character-name '\u7483' cannot be represented in the current code page (1252)
D:\XMUM\VS\Project2\Project2\FileName.cpp(382,1): warning C4566: character represented by universal-character-name '\u6750' cannot be represented in the current code page (1252)
D:\XMUM\VS\Project2\Project2\FileName.cpp(382,1): warning C4566: character represented by universal-character-name '\u8D28' cannot be represented in the current code page (1252)
D:\XMUM\VS\Project2\Project2\FileName.cpp(387,1): warning C4566: character represented by universal-character-name '\u571F' cannot be represented in the current code page (1252)
D:\XMUM\VS\Project2\Project2\FileName.cpp(387,1): warning C4566: character represented by universal-character-name '\u58E4' cannot be represented in the current code page (1252)
D:\XMUM\VS\Project2\Project2\FileName.cpp(387,1): warning C4566: character represented by universal-character-name '\u6750' cannot be represented in the current code page (1252)
D:\XMUM\VS\Project2\Project2\FileName.cpp(387,1): warning C4566: character represented by universal-character-name '\u8D28' cannot be represented in the current code page (1252)
D:\XMUM\VS\Project2\Project2\FileName.cpp(392,1): warning C4566: character represented by universal-character-name '\u4F20' cannot be represented in the current code page (1252)
D:\XMUM\VS\Project2\Project2\FileName.cpp(392,1): warning C4566: character represented by universal-character-name '\u611F' cannot be represented in the current code page (1252)
D:\XMUM\VS\Project2\Project2\FileName.cpp(392,1): warning C4566: character represented by universal-character-name '\u5668' cannot be represented in the current code page (1252)
D:\XMUM\VS\Project2\Project2\FileName.cpp(392,1): warning C4566: character represented by universal-character-name '\u7535' cannot be represented in the current code page (1252)
D:\XMUM\VS\Project2\Project2\FileName.cpp(392,1): warning C4566: character represented by universal-character-name '\u5B50' cannot be represented in the current code page (1252)
D:\XMUM\VS\Project2\Project2\FileName.cpp(392,1): warning C4566: character represented by universal-character-name '\u8BBE' cannot be represented in the current code page (1252)
D:\XMUM\VS\Project2\Project2\FileName.cpp(392,1): warning C4566: character represented by universal-character-name '\u5907' cannot be represented in the current code page (1252)
D:\XMUM\VS\Project2\Project2\FileName.cpp(408,1): warning C4566: character represented by universal-character-name '\u96E8' cannot be represented in the current code page (1252)
D:\XMUM\VS\Project2\Project2\FileName.cpp(408,1): warning C4566: character represented by universal-character-name '\u5929' cannot be represented in the current code page (1252)
D:\XMUM\VS\Project2\Project2\FileName.cpp(408,1): warning C4566: character represented by universal-character-name '\u989D' cannot be represented in the current code page (1252)
D:\XMUM\VS\Project2\Project2\FileName.cpp(408,1): warning C4566: character represented by universal-character-name '\u5916' cannot be represented in the current code page (1252)
D:\XMUM\VS\Project2\Project2\FileName.cpp(408,1): warning C4566: character represented by universal-character-name '\u6548' cannot be represented in the current code page (1252)
D:\XMUM\VS\Project2\Project2\FileName.cpp(408,1): warning C4566: character represented by universal-character-name '\u679C' cannot be represented in the current code page (1252)
D:\XMUM\VS\Project2\Project2\FileName.cpp(410,1): warning C4566: character represented by universal-character-name '\u96E8' cannot be represented in the current code page (1252)
D:\XMUM\VS\Project2\Project2\FileName.cpp(410,1): warning C4566: character represented by universal-character-name '\u6EF4' cannot be represented in the current code page (1252)
D:\XMUM\VS\Project2\Project2\FileName.cpp(410,1): warning C4566: character represented by universal-character-name '\u95EA' cannot be represented in the current code page (1252)
D:\XMUM\VS\Project2\Project2\FileName.cpp(410,1): warning C4566: character represented by universal-character-name '\u70C1' cannot be represented in the current code page (1252)
D:\XMUM\VS\Project2\Project2\FileName.cpp(410,1): warning C4566: character represented by universal-character-name '\u6548' cannot be represented in the current code page (1252)
D:\XMUM\VS\Project2\Project2\FileName.cpp(410,1): warning C4566: character represented by universal-character-name '\u679C' cannot be represented in the current code page (1252)
D:\XMUM\VS\Project2\Project2\FileName.cpp(416,1): warning C4566: character represented by universal-character-name '\u8272' cannot be represented in the current code page (1252)
D:\XMUM\VS\Project2\Project2\FileName.cpp(416,1): warning C4566: character represented by universal-character-name '\u8C03' cannot be represented in the current code page (1252)
D:\XMUM\VS\Project2\Project2\FileName.cpp(416,1): warning C4566: character represented by universal-character-name '\u6620' cannot be represented in the current code page (1252)
D:\XMUM\VS\Project2\Project2\FileName.cpp(416,1): warning C4566: character represented by universal-character-name '\u5C04' cannot be represented in the current code page (1252)
D:\XMUM\VS\Project2\Project2\FileName.cpp(420,1): warning C4566: character represented by universal-character-name '\u96FE' cannot be represented in the current code page (1252)
D:\XMUM\VS\Project2\Project2\FileName.cpp(420,1): warning C4566: character represented by universal-character-name '\u6548' cannot be represented in the current code page (1252)
D:\XMUM\VS\Project2\Project2\FileName.cpp(420,1): warning C4566: character represented by universal-character-name '\u679C' cannot be represented in the current code page (1252)
D:\XMUM\VS\Project2\Project2\FileName.cpp(420,1): warning C4566: character represented by universal-character-name '\u6DF7' cannot be represented in the current code page (1252)
D:\XMUM\VS\Project2\Project2\FileName.cpp(420,1): warning C4566: character represented by universal-character-name '\u5408' cannot be represented in the current code page (1252)
D:\XMUM\VS\Project2\Project2\FileName.cpp(424,1): warning C4566: character represented by universal-character-name '\u73BB' cannot be represented in the current code page (1252)
D:\XMUM\VS\Project2\Project2\FileName.cpp(424,1): warning C4566: character represented by universal-character-name '\u7483' cannot be represented in the current code page (1252)
D:\XMUM\VS\Project2\Project2\FileName.cpp(762,18): warning C4566: character represented by universal-character-name '\U0001F69C' cannot be represented in the current code page (1252)
D:\XMUM\VS\Project2\Project2\FileName.cpp(762,18): warning C4566: character represented by universal-character-name '\u4F18' cannot be represented in the current code page (1252)
D:\XMUM\VS\Project2\Project2\FileName.cpp(762,18): warning C4566: character represented by universal-character-name '\u5316' cannot be represented in the current code page (1252)
D:\XMUM\VS\Project2\Project2\FileName.cpp(762,18): warning C4566: character represented by universal-character-name '\u7248' cannot be represented in the current code page (1252)
D:\XMUM\VS\Project2\Project2\FileName.cpp(762,18): warning C4566: character represented by universal-character-name '\u667A' cannot be represented in the current code page (1252)
D:\XMUM\VS\Project2\Project2\FileName.cpp(762,18): warning C4566: character represented by universal-character-name '\u80FD' cannot be represented in the current code page (1252)
D:\XMUM\VS\Project2\Project2\FileName.cpp(762,18): warning C4566: character represented by universal-character-name '\u519C' cannot be represented in the current code page (1252)
D:\XMUM\VS\Project2\Project2\FileName.cpp(762,18): warning C4566: character represented by universal-character-name '\u573A' cannot be represented in the current code page (1252)
D:\XMUM\VS\Project2\Project2\FileName.cpp(762,18): warning C4566: character represented by universal-character-name '\u76D1' cannot be represented in the current code page (1252)
D:\XMUM\VS\Project2\Project2\FileName.cpp(762,18): warning C4566: character represented by universal-character-name '\u63A7' cannot be represented in the current code page (1252)
D:\XMUM\VS\Project2\Project2\FileName.cpp(762,18): warning C4566: character represented by universal-character-name '\u7CFB' cannot be represented in the current code page (1252)
D:\XMUM\VS\Project2\Project2\FileName.cpp(762,18): warning C4566: character represented by universal-character-name '\u7EDF' cannot be represented in the current code page (1252)
D:\XMUM\VS\Project2\Project2\FileName.cpp(763,18): warning C4566: character represented by universal-character-name '\u57FA' cannot be represented in the current code page (1252)
D:\XMUM\VS\Project2\Project2\FileName.cpp(763,18): warning C4566: character represented by universal-character-name '\u4E8E' cannot be represented in the current code page (1252)
D:\XMUM\VS\Project2\Project2\FileName.cpp(763,18): warning C4566: character represented by universal-character-name '\u539F' cannot be represented in the current code page (1252)
D:\XMUM\VS\Project2\Project2\FileName.cpp(763,18): warning C4566: character represented by universal-character-name '\u59CB' cannot be represented in the current code page (1252)
D:\XMUM\VS\Project2\Project2\FileName.cpp(763,18): warning C4566: character represented by universal-character-name '\u811A' cannot be represented in the current code page (1252)
D:\XMUM\VS\Project2\Project2\FileName.cpp(763,18): warning C4566: character represented by universal-character-name '\u672C' cannot be represented in the current code page (1252)
D:\XMUM\VS\Project2\Project2\FileName.cpp(763,18): warning C4566: character represented by universal-character-name '\u5B8C' cannot be represented in the current code page (1252)
D:\XMUM\VS\Project2\Project2\FileName.cpp(763,18): warning C4566: character represented by universal-character-name '\u6574' cannot be represented in the current code page (1252)
D:\XMUM\VS\Project2\Project2\FileName.cpp(763,18): warning C4566: character represented by universal-character-name '\u4F18' cannot be represented in the current code page (1252)
D:\XMUM\VS\Project2\Project2\FileName.cpp(763,18): warning C4566: character represented by universal-character-name '\u5316' cannot be represented in the current code page (1252)
D:\XMUM\VS\Project2\Project2\FileName.cpp(763,18): warning C4566: character represented by universal-character-name '\u4FDD' cannot be represented in the current code page (1252)
D:\XMUM\VS\Project2\Project2\FileName.cpp(763,18): warning C4566: character represented by universal-character-name '\u6301' cannot be represented in the current code page (1252)
D:\XMUM\VS\Project2\Project2\FileName.cpp(763,18): warning C4566: character represented by universal-character-name '\u6240' cannot be represented in the current code page (1252)
D:\XMUM\VS\Project2\Project2\FileName.cpp(763,18): warning C4566: character represented by universal-character-name '\u6709' cannot be represented in the current code page (1252)
D:\XMUM\VS\Project2\Project2\FileName.cpp(763,18): warning C4566: character represented by universal-character-name '\u529F' cannot be represented in the current code page (1252)
D:\XMUM\VS\Project2\Project2\FileName.cpp(763,18): warning C4566: character represented by universal-character-name '\u80FD' cannot be represented in the current code page (1252)
D:\XMUM\VS\Project2\Project2\FileName.cpp(765,18): warning C4566: character represented by universal-character-name '\U0001F31F' cannot be represented in the current code page (1252)
D:\XMUM\VS\Project2\Project2\FileName.cpp(765,18): warning C4566: character represented by universal-character-name '\u4F18' cannot be represented in the current code page (1252)
D:\XMUM\VS\Project2\Project2\FileName.cpp(765,18): warning C4566: character represented by universal-character-name '\u5316' cannot be represented in the current code page (1252)
D:\XMUM\VS\Project2\Project2\FileName.cpp(765,18): warning C4566: character represented by universal-character-name '\u5185' cannot be represented in the current code page (1252)
D:\XMUM\VS\Project2\Project2\FileName.cpp(765,18): warning C4566: character represented by universal-character-name '\u5BB9' cannot be represented in the current code page (1252)
D:\XMUM\VS\Project2\Project2\FileName.cpp(765,18): warning C4566: character represented by universal-character-name '\uFF1A' cannot be represented in the current code page (1252)
D:\XMUM\VS\Project2\Project2\FileName.cpp(766,18): warning C4566: character represented by universal-character-name '\U0001F3AE' cannot be represented in the current code page (1252)
D:\XMUM\VS\Project2\Project2\FileName.cpp(766,18): warning C4566: character represented by universal-character-name '\u81EA' cannot be represented in the current code page (1252)
D:\XMUM\VS\Project2\Project2\FileName.cpp(766,18): warning C4566: character represented by universal-character-name '\u7531' cannot be represented in the current code page (1252)
D:\XMUM\VS\Project2\Project2\FileName.cpp(766,18): warning C4566: character represented by universal-character-name '\u955C' cannot be represented in the current code page (1252)
D:\XMUM\VS\Project2\Project2\FileName.cpp(766,18): warning C4566: character represented by universal-character-name '\u5934' cannot be represented in the current code page (1252)
D:\XMUM\VS\Project2\Project2\FileName.cpp(766,18): warning C4566: character represented by universal-character-name '\u63A7' cannot be represented in the current code page (1252)
D:\XMUM\VS\Project2\Project2\FileName.cpp(766,18): warning C4566: character represented by universal-character-name '\u5236' cannot be represented in the current code page (1252)
D:\XMUM\VS\Project2\Project2\FileName.cpp(766,18): warning C4566: character represented by universal-character-name '\u4F18' cannot be represented in the current code page (1252)
D:\XMUM\VS\Project2\Project2\FileName.cpp(766,18): warning C4566: character represented by universal-character-name '\u5316' cannot be represented in the current code page (1252)
D:\XMUM\VS\Project2\Project2\FileName.cpp(767,18): warning C4566: character represented by universal-character-name '\U0001F326' cannot be represented in the current code page (1252)
D:\XMUM\VS\Project2\Project2\FileName.cpp(767,18): warning C4566: character represented by universal-character-name '\uFE0F' cannot be represented in the current code page (1252)
D:\XMUM\VS\Project2\Project2\FileName.cpp(767,18): warning C4566: character represented by universal-character-name '\u5929' cannot be represented in the current code page (1252)
D:\XMUM\VS\Project2\Project2\FileName.cpp(767,18): warning C4566: character represented by universal-character-name '\u6C14' cannot be represented in the current code page (1252)
D:\XMUM\VS\Project2\Project2\FileName.cpp(767,18): warning C4566: character represented by universal-character-name '\u7CFB' cannot be represented in the current code page (1252)
D:\XMUM\VS\Project2\Project2\FileName.cpp(767,18): warning C4566: character represented by universal-character-name '\u7EDF' cannot be represented in the current code page (1252)
D:\XMUM\VS\Project2\Project2\FileName.cpp(767,18): warning C4566: character represented by universal-character-name '\u4FEE' cannot be represented in the current code page (1252)
D:\XMUM\VS\Project2\Project2\FileName.cpp(767,18): warning C4566: character represented by universal-character-name '\u590D' cannot be represented in the current code page (1252)
D:\XMUM\VS\Project2\Project2\FileName.cpp(768,18): warning C4566: character represented by universal-character-name '\U0001F331' cannot be represented in the current code page (1252)
D:\XMUM\VS\Project2\Project2\FileName.cpp(768,18): warning C4566: character represented by universal-character-name '\u690D' cannot be represented in the current code page (1252)
D:\XMUM\VS\Project2\Project2\FileName.cpp(768,18): warning C4566: character represented by universal-character-name '\u7269' cannot be represented in the current code page (1252)
D:\XMUM\VS\Project2\Project2\FileName.cpp(768,18): warning C4566: character represented by universal-character-name '\u4F4D' cannot be represented in the current code page (1252)
D:\XMUM\VS\Project2\Project2\FileName.cpp(768,18): warning C4566: character represented by universal-character-name '\u7F6E' cannot be represented in the current code page (1252)
D:\XMUM\VS\Project2\Project2\FileName.cpp(768,18): warning C4566: character represented by universal-character-name '\u5BF9' cannot be represented in the current code page (1252)
D:\XMUM\VS\Project2\Project2\FileName.cpp(768,18): warning C4566: character represented by universal-character-name '\u9F50' cannot be represented in the current code page (1252)
D:\XMUM\VS\Project2\Project2\FileName.cpp(769,18): warning C4566: character represented by universal-character-name '\U0001F4CA' cannot be represented in the current code page (1252)
D:\XMUM\VS\Project2\Project2\FileName.cpp(769,18): warning C4566: character represented by universal-character-name '\u5B9E' cannot be represented in the current code page (1252)
D:\XMUM\VS\Project2\Project2\FileName.cpp(769,18): warning C4566: character represented by universal-character-name '\u65F6' cannot be represented in the current code page (1252)
D:\XMUM\VS\Project2\Project2\FileName.cpp(769,18): warning C4566: character represented by universal-character-name '\u53C2' cannot be represented in the current code page (1252)
D:\XMUM\VS\Project2\Project2\FileName.cpp(769,18): warning C4566: character represented by universal-character-name '\u6570' cannot be represented in the current code page (1252)
D:\XMUM\VS\Project2\Project2\FileName.cpp(769,18): warning C4566: character represented by universal-character-name '\u663E' cannot be represented in the current code page (1252)
D:\XMUM\VS\Project2\Project2\FileName.cpp(769,18): warning C4566: character represented by universal-character-name '\u793A' cannot be represented in the current code page (1252)
D:\XMUM\VS\Project2\Project2\FileName.cpp(770,18): warning C4566: character represented by universal-character-name '\U0001F69C' cannot be represented in the current code page (1252)
D:\XMUM\VS\Project2\Project2\FileName.cpp(770,18): warning C4566: character represented by universal-character-name '\u519C' cannot be represented in the current code page (1252)
D:\XMUM\VS\Project2\Project2\FileName.cpp(770,18): warning C4566: character represented by universal-character-name '\u573A' cannot be represented in the current code page (1252)
D:\XMUM\VS\Project2\Project2\FileName.cpp(770,18): warning C4566: character represented by universal-character-name '\u529F' cannot be represented in the current code page (1252)
D:\XMUM\VS\Project2\Project2\FileName.cpp(770,18): warning C4566: character represented by universal-character-name '\u80FD' cannot be represented in the current code page (1252)
D:\XMUM\VS\Project2\Project2\FileName.cpp(770,18): warning C4566: character represented by universal-character-name '\u589E' cannot be represented in the current code page (1252)
D:\XMUM\VS\Project2\Project2\FileName.cpp(770,18): warning C4566: character represented by universal-character-name '\u5F3A' cannot be represented in the current code page (1252)
D:\XMUM\VS\Project2\Project2\FileName.cpp(776,22): warning C4566: character represented by universal-character-name '\u274C' cannot be represented in the current code page (1252)
D:\XMUM\VS\Project2\Project2\FileName.cpp(776,22): warning C4566: character represented by universal-character-name '\u521D' cannot be represented in the current code page (1252)
D:\XMUM\VS\Project2\Project2\FileName.cpp(776,22): warning C4566: character represented by universal-character-name '\u59CB' cannot be represented in the current code page (1252)
D:\XMUM\VS\Project2\Project2\FileName.cpp(776,22): warning C4566: character represented by universal-character-name '\u5316' cannot be represented in the current code page (1252)
D:\XMUM\VS\Project2\Project2\FileName.cpp(776,22): warning C4566: character represented by universal-character-name '\u5931' cannot be represented in the current code page (1252)
D:\XMUM\VS\Project2\Project2\FileName.cpp(776,22): warning C4566: character represented by universal-character-name '\u8D25' cannot be represented in the current code page (1252)
D:\XMUM\VS\Project2\Project2\FileName.cpp(786,44): warning C4566: character represented by universal-character-name '\u4F18' cannot be represented in the current code page (1252)
D:\XMUM\VS\Project2\Project2\FileName.cpp(786,44): warning C4566: character represented by universal-character-name '\u5316' cannot be represented in the current code page (1252)
D:\XMUM\VS\Project2\Project2\FileName.cpp(786,44): warning C4566: character represented by universal-character-name '\u7248' cannot be represented in the current code page (1252)
D:\XMUM\VS\Project2\Project2\FileName.cpp(786,44): warning C4566: character represented by universal-character-name '\u667A' cannot be represented in the current code page (1252)
D:\XMUM\VS\Project2\Project2\FileName.cpp(786,44): warning C4566: character represented by universal-character-name '\u80FD' cannot be represented in the current code page (1252)
D:\XMUM\VS\Project2\Project2\FileName.cpp(786,44): warning C4566: character represented by universal-character-name '\u519C' cannot be represented in the current code page (1252)
D:\XMUM\VS\Project2\Project2\FileName.cpp(786,44): warning C4566: character represented by universal-character-name '\u573A' cannot be represented in the current code page (1252)
D:\XMUM\VS\Project2\Project2\FileName.cpp(786,44): warning C4566: character represented by universal-character-name '\u76D1' cannot be represented in the current code page (1252)
D:\XMUM\VS\Project2\Project2\FileName.cpp(786,44): warning C4566: character represented by universal-character-name '\u63A7' cannot be represented in the current code page (1252)
D:\XMUM\VS\Project2\Project2\FileName.cpp(786,44): warning C4566: character represented by universal-character-name '\u7CFB' cannot be represented in the current code page (1252)
D:\XMUM\VS\Project2\Project2\FileName.cpp(786,44): warning C4566: character represented by universal-character-name '\u7EDF' cannot be represented in the current code page (1252)
D:\XMUM\VS\Project2\Project2\FileName.cpp(788,22): warning C4566: character represented by universal-character-name '\u274C' cannot be represented in the current code page (1252)
D:\XMUM\VS\Project2\Project2\FileName.cpp(788,22): warning C4566: character represented by universal-character-name '\u7A97' cannot be represented in the current code page (1252)
D:\XMUM\VS\Project2\Project2\FileName.cpp(788,22): warning C4566: character represented by universal-character-name '\u53E3' cannot be represented in the current code page (1252)
D:\XMUM\VS\Project2\Project2\FileName.cpp(788,22): warning C4566: character represented by universal-character-name '\u521B' cannot be represented in the current code page (1252)
D:\XMUM\VS\Project2\Project2\FileName.cpp(788,22): warning C4566: character represented by universal-character-name '\u5EFA' cannot be represented in the current code page (1252)
D:\XMUM\VS\Project2\Project2\FileName.cpp(788,22): warning C4566: character represented by universal-character-name '\u5931' cannot be represented in the current code page (1252)
D:\XMUM\VS\Project2\Project2\FileName.cpp(788,22): warning C4566: character represented by universal-character-name '\u8D25' cannot be represented in the current code page (1252)
D:\XMUM\VS\Project2\Project2\FileName.cpp(800,22): warning C4566: character represented by universal-character-name '\u26A0' cannot be represented in the current code page (1252)
D:\XMUM\VS\Project2\Project2\FileName.cpp(800,22): warning C4566: character represented by universal-character-name '\uFE0F' cannot be represented in the current code page (1252)
D:\XMUM\VS\Project2\Project2\FileName.cpp(800,22): warning C4566: character represented by universal-character-name '\u521D' cannot be represented in the current code page (1252)
D:\XMUM\VS\Project2\Project2\FileName.cpp(800,22): warning C4566: character represented by universal-character-name '\u59CB' cannot be represented in the current code page (1252)
D:\XMUM\VS\Project2\Project2\FileName.cpp(800,22): warning C4566: character represented by universal-character-name '\u5316' cannot be represented in the current code page (1252)
D:\XMUM\VS\Project2\Project2\FileName.cpp(800,22): warning C4566: character represented by universal-character-name '\u8B66' cannot be represented in the current code page (1252)
D:\XMUM\VS\Project2\Project2\FileName.cpp(800,22): warning C4566: character represented by universal-character-name '\u544A' cannot be represented in the current code page (1252)
D:\XMUM\VS\Project2\Project2\FileName.cpp(800,22): warning C4566: character represented by universal-character-name '\uFF0C' cannot be represented in the current code page (1252)
D:\XMUM\VS\Project2\Project2\FileName.cpp(800,22): warning C4566: character represented by universal-character-name '\u4F7F' cannot be represented in the current code page (1252)
D:\XMUM\VS\Project2\Project2\FileName.cpp(800,22): warning C4566: character represented by universal-character-name '\u7528' cannot be represented in the current code page (1252)
D:\XMUM\VS\Project2\Project2\FileName.cpp(800,22): warning C4566: character represented by universal-character-name '\u517C' cannot be represented in the current code page (1252)
D:\XMUM\VS\Project2\Project2\FileName.cpp(800,22): warning C4566: character represented by universal-character-name '\u5BB9' cannot be represented in the current code page (1252)
D:\XMUM\VS\Project2\Project2\FileName.cpp(800,22): warning C4566: character represented by universal-character-name '\u6A21' cannot be represented in the current code page (1252)
D:\XMUM\VS\Project2\Project2\FileName.cpp(800,22): warning C4566: character represented by universal-character-name '\u5F0F' cannot be represented in the current code page (1252)
D:\XMUM\VS\Project2\Project2\FileName.cpp(804,22): warning C4566: character represented by universal-character-name '\u2705' cannot be represented in the current code page (1252)
D:\XMUM\VS\Project2\Project2\FileName.cpp(804,22): warning C4566: character represented by universal-character-name '\u5DF2' cannot be represented in the current code page (1252)
D:\XMUM\VS\Project2\Project2\FileName.cpp(804,22): warning C4566: character represented by universal-character-name '\u5C31' cannot be represented in the current code page (1252)
D:\XMUM\VS\Project2\Project2\FileName.cpp(804,22): warning C4566: character represented by universal-character-name '\u7EEA' cannot be represented in the current code page (1252)
D:\XMUM\VS\Project2\Project2\FileName.cpp(804,22): warning C4566: character represented by universal-character-name '\u652F' cannot be represented in the current code page (1252)
D:\XMUM\VS\Project2\Project2\FileName.cpp(804,22): warning C4566: character represented by universal-character-name '\u6301' cannot be represented in the current code page (1252)
D:\XMUM\VS\Project2\Project2\FileName.cpp(804,70): warning C4566: character represented by universal-character-name '\u662F' cannot be represented in the current code page (1252)
D:\XMUM\VS\Project2\Project2\FileName.cpp(804,78): warning C4566: character represented by universal-character-name '\u5426' cannot be represented in the current code page (1252)
D:\XMUM\VS\Project2\Project2\FileName.cpp(808,22): warning C4566: character represented by universal-character-name '\u274C' cannot be represented in the current code page (1252)
D:\XMUM\VS\Project2\Project2\FileName.cpp(808,22): warning C4566: character represented by universal-character-name '\u5E94' cannot be represented in the current code page (1252)
D:\XMUM\VS\Project2\Project2\FileName.cpp(808,22): warning C4566: character represented by universal-character-name '\u7528' cannot be represented in the current code page (1252)
D:\XMUM\VS\Project2\Project2\FileName.cpp(808,22): warning C4566: character represented by universal-character-name '\u7A0B' cannot be represented in the current code page (1252)
D:\XMUM\VS\Project2\Project2\FileName.cpp(808,22): warning C4566: character represented by universal-character-name '\u5E8F' cannot be represented in the current code page (1252)
D:\XMUM\VS\Project2\Project2\FileName.cpp(808,22): warning C4566: character represented by universal-character-name '\u521D' cannot be represented in the current code page (1252)
D:\XMUM\VS\Project2\Project2\FileName.cpp(808,22): warning C4566: character represented by universal-character-name '\u59CB' cannot be represented in the current code page (1252)
D:\XMUM\VS\Project2\Project2\FileName.cpp(808,22): warning C4566: character represented by universal-character-name '\u5316' cannot be represented in the current code page (1252)
D:\XMUM\VS\Project2\Project2\FileName.cpp(808,22): warning C4566: character represented by universal-character-name '\u5931' cannot be represented in the current code page (1252)
D:\XMUM\VS\Project2\Project2\FileName.cpp(808,22): warning C4566: character represented by universal-character-name '\u8D25' cannot be represented in the current code page (1252)
D:\XMUM\VS\Project2\Project2\FileName.cpp(996,22): warning C4566: character represented by universal-character-name '\u274C' cannot be represented in the current code page (1252)
D:\XMUM\VS\Project2\Project2\FileName.cpp(996,22): warning C4566: character represented by universal-character-name '\u7740' cannot be represented in the current code page (1252)
D:\XMUM\VS\Project2\Project2\FileName.cpp(996,22): warning C4566: character represented by universal-character-name '\u8272' cannot be represented in the current code page (1252)
D:\XMUM\VS\Project2\Project2\FileName.cpp(996,22): warning C4566: character represented by universal-character-name '\u5668' cannot be represented in the current code page (1252)
D:\XMUM\VS\Project2\Project2\FileName.cpp(996,22): warning C4566: character represented by universal-character-name '\u7A0B' cannot be represented in the current code page (1252)
D:\XMUM\VS\Project2\Project2\FileName.cpp(996,22): warning C4566: character represented by universal-character-name '\u5E8F' cannot be represented in the current code page (1252)
D:\XMUM\VS\Project2\Project2\FileName.cpp(996,22): warning C4566: character represented by universal-character-name '\u521B' cannot be represented in the current code page (1252)
D:\XMUM\VS\Project2\Project2\FileName.cpp(996,22): warning C4566: character represented by universal-character-name '\u5EFA' cannot be represented in the current code page (1252)
D:\XMUM\VS\Project2\Project2\FileName.cpp(996,22): warning C4566: character represented by universal-character-name '\u5931' cannot be represented in the current code page (1252)
D:\XMUM\VS\Project2\Project2\FileName.cpp(996,22): warning C4566: character represented by universal-character-name '\u8D25' cannot be represented in the current code page (1252)
D:\XMUM\VS\Project2\Project2\FileName.cpp(1010,26): warning C4566: character represented by universal-character-name '\u26A0' cannot be represented in the current code page (1252)
D:\XMUM\VS\Project2\Project2\FileName.cpp(1010,26): warning C4566: character represented by universal-character-name '\uFE0F' cannot be represented in the current code page (1252)
D:\XMUM\VS\Project2\Project2\FileName.cpp(1010,26): warning C4566: character represented by universal-character-name '\u90E8' cannot be represented in the current code page (1252)
D:\XMUM\VS\Project2\Project2\FileName.cpp(1010,26): warning C4566: character represented by universal-character-name '\u5206' cannot be represented in the current code page (1252)
D:\XMUM\VS\Project2\Project2\FileName.cpp(1010,26): warning C4566: character represented by universal-character-name '\u5BF9' cannot be represented in the current code page (1252)
D:\XMUM\VS\Project2\Project2\FileName.cpp(1010,26): warning C4566: character represented by universal-character-name '\u8C61' cannot be represented in the current code page (1252)
D:\XMUM\VS\Project2\Project2\FileName.cpp(1010,26): warning C4566: character represented by universal-character-name '\u7F13' cannot be represented in the current code page (1252)
D:\XMUM\VS\Project2\Project2\FileName.cpp(1010,26): warning C4566: character represented by universal-character-name '\u51B2' cannot be represented in the current code page (1252)
D:\XMUM\VS\Project2\Project2\FileName.cpp(1010,26): warning C4566: character represented by universal-character-name '\u533A' cannot be represented in the current code page (1252)
D:\XMUM\VS\Project2\Project2\FileName.cpp(1010,26): warning C4566: character represented by universal-character-name '\u8BBE' cannot be represented in the current code page (1252)
D:\XMUM\VS\Project2\Project2\FileName.cpp(1010,26): warning C4566: character represented by universal-character-name '\u7F6E' cannot be represented in the current code page (1252)
D:\XMUM\VS\Project2\Project2\FileName.cpp(1010,26): warning C4566: character represented by universal-character-name '\u5931' cannot be represented in the current code page (1252)
D:\XMUM\VS\Project2\Project2\FileName.cpp(1010,26): warning C4566: character represented by universal-character-name '\u8D25' cannot be represented in the current code page (1252)
D:\XMUM\VS\Project2\Project2\FileName.cpp(1044,22): warning C4566: character represented by universal-character-name '\u274C' cannot be represented in the current code page (1252)
D:\XMUM\VS\Project2\Project2\FileName.cpp(1044,22): warning C4566: character represented by universal-character-name '\u7740' cannot be represented in the current code page (1252)
D:\XMUM\VS\Project2\Project2\FileName.cpp(1044,22): warning C4566: character represented by universal-character-name '\u8272' cannot be represented in the current code page (1252)
D:\XMUM\VS\Project2\Project2\FileName.cpp(1044,22): warning C4566: character represented by universal-character-name '\u5668' cannot be represented in the current code page (1252)
D:\XMUM\VS\Project2\Project2\FileName.cpp(1044,22): warning C4566: character represented by universal-character-name '\u94FE' cannot be represented in the current code page (1252)
D:\XMUM\VS\Project2\Project2\FileName.cpp(1044,22): warning C4566: character represented by universal-character-name '\u63A5' cannot be represented in the current code page (1252)
D:\XMUM\VS\Project2\Project2\FileName.cpp(1044,22): warning C4566: character represented by universal-character-name '\u5931' cannot be represented in the current code page (1252)
D:\XMUM\VS\Project2\Project2\FileName.cpp(1044,22): warning C4566: character represented by universal-character-name '\u8D25' cannot be represented in the current code page (1252)
D:\XMUM\VS\Project2\Project2\FileName.cpp(1065,22): warning C4566: character represented by universal-character-name '\u274C' cannot be represented in the current code page (1252)
D:\XMUM\VS\Project2\Project2\FileName.cpp(1065,22): warning C4566: character represented by universal-character-name '\u7740' cannot be represented in the current code page (1252)
D:\XMUM\VS\Project2\Project2\FileName.cpp(1065,22): warning C4566: character represented by universal-character-name '\u8272' cannot be represented in the current code page (1252)
D:\XMUM\VS\Project2\Project2\FileName.cpp(1065,22): warning C4566: character represented by universal-character-name '\u5668' cannot be represented in the current code page (1252)
D:\XMUM\VS\Project2\Project2\FileName.cpp(1065,22): warning C4566: character represented by universal-character-name '\u7F16' cannot be represented in the current code page (1252)
D:\XMUM\VS\Project2\Project2\FileName.cpp(1065,22): warning C4566: character represented by universal-character-name '\u8BD1' cannot be represented in the current code page (1252)
D:\XMUM\VS\Project2\Project2\FileName.cpp(1065,22): warning C4566: character represented by universal-character-name '\u5931' cannot be represented in the current code page (1252)
D:\XMUM\VS\Project2\Project2\FileName.cpp(1065,22): warning C4566: character represented by universal-character-name '\u8D25' cannot be represented in the current code page (1252)
D:\XMUM\VS\Project2\Project2\FileName.cpp(1077,28): warning C4566: character represented by universal-character-name '\u63A7' cannot be represented in the current code page (1252)
D:\XMUM\VS\Project2\Project2\FileName.cpp(1077,28): warning C4566: character represented by universal-character-name '\u5236' cannot be represented in the current code page (1252)
D:\XMUM\VS\Project2\Project2\FileName.cpp(1077,28): warning C4566: character represented by universal-character-name '\u4E2D' cannot be represented in the current code page (1252)
D:\XMUM\VS\Project2\Project2\FileName.cpp(1077,28): warning C4566: character represented by universal-character-name '\u5FC3' cannot be represented in the current code page (1252)
D:\XMUM\VS\Project2\Project2\FileName.cpp(1081,28): warning C4566: character represented by universal-character-name '\u6E29' cannot be represented in the current code page (1252)
D:\XMUM\VS\Project2\Project2\FileName.cpp(1081,28): warning C4566: character represented by universal-character-name '\u5BA4' cannot be represented in the current code page (1252)
D:\XMUM\VS\Project2\Project2\FileName.cpp(1085,28): warning C4566: character represented by universal-character-name '\u6E29' cannot be represented in the current code page (1252)
D:\XMUM\VS\Project2\Project2\FileName.cpp(1085,28): warning C4566: character represented by universal-character-name '\u5BA4' cannot be represented in the current code page (1252)
D:\XMUM\VS\Project2\Project2\FileName.cpp(1089,28): warning C4566: character represented by universal-character-name '\u4ED3' cannot be represented in the current code page (1252)
D:\XMUM\VS\Project2\Project2\FileName.cpp(1089,28): warning C4566: character represented by universal-character-name '\u50A8' cannot be represented in the current code page (1252)
D:\XMUM\VS\Project2\Project2\FileName.cpp(1089,28): warning C4566: character represented by universal-character-name '\u4E2D' cannot be represented in the current code page (1252)
D:\XMUM\VS\Project2\Project2\FileName.cpp(1089,28): warning C4566: character represented by universal-character-name '\u5FC3' cannot be represented in the current code page (1252)
D:\XMUM\VS\Project2\Project2\FileName.cpp(1093,28): warning C4566: character represented by universal-character-name '\u5DE5' cannot be represented in the current code page (1252)
D:\XMUM\VS\Project2\Project2\FileName.cpp(1093,28): warning C4566: character represented by universal-character-name '\u5177' cannot be represented in the current code page (1252)
D:\XMUM\VS\Project2\Project2\FileName.cpp(1093,28): warning C4566: character represented by universal-character-name '\u623F' cannot be represented in the current code page (1252)
D:\XMUM\VS\Project2\Project2\FileName.cpp(1097,28): warning C4566: character represented by universal-character-name '\u6C34' cannot be represented in the current code page (1252)
D:\XMUM\VS\Project2\Project2\FileName.cpp(1097,28): warning C4566: character represented by universal-character-name '\u5904' cannot be represented in the current code page (1252)
D:\XMUM\VS\Project2\Project2\FileName.cpp(1097,28): warning C4566: character represented by universal-character-name '\u7406' cannot be represented in the current code page (1252)
D:\XMUM\VS\Project2\Project2\FileName.cpp(1097,28): warning C4566: character represented by universal-character-name '\u7AD9' cannot be represented in the current code page (1252)
D:\XMUM\VS\Project2\Project2\FileName.cpp(1835,28): warning C4244: 'initializing': conversion from 'double' to 'float', possible loss of data
D:\XMUM\VS\Project2\Project2\FileName.cpp(2022,41): warning C4566: character represented by universal-character-name '\u6E29' cannot be represented in the current code page (1252)
D:\XMUM\VS\Project2\Project2\FileName.cpp(2022,41): warning C4566: character represented by universal-character-name '\u5BA4' cannot be represented in the current code page (1252)
D:\XMUM\VS\Project2\Project2\FileName.cpp(2022,71): warning C4566: character represented by universal-character-name '\u6E29' cannot be represented in the current code page (1252)
D:\XMUM\VS\Project2\Project2\FileName.cpp(2022,71): warning C4566: character represented by universal-character-name '\u5BA4' cannot be represented in the current code page (1252)
D:\XMUM\VS\Project2\Project2\FileName.cpp(2052,57): warning C4566: character represented by universal-character-name '\u6E29' cannot be represented in the current code page (1252)
D:\XMUM\VS\Project2\Project2\FileName.cpp(2052,57): warning C4566: character represented by universal-character-name '\u5BA4' cannot be represented in the current code page (1252)
D:\XMUM\VS\Project2\Project2\FileName.cpp(2061,57): warning C4566: character represented by universal-character-name '\u6E29' cannot be represented in the current code page (1252)
D:\XMUM\VS\Project2\Project2\FileName.cpp(2061,57): warning C4566: character represented by universal-character-name '\u5BA4' cannot be represented in the current code page (1252)
D:\XMUM\VS\Project2\Project2\FileName.cpp(2069,26): warning C4566: character represented by universal-character-name '\u63A7' cannot be represented in the current code page (1252)
D:\XMUM\VS\Project2\Project2\FileName.cpp(2069,26): warning C4566: character represented by universal-character-name '\u5236' cannot be represented in the current code page (1252)
D:\XMUM\VS\Project2\Project2\FileName.cpp(2069,26): warning C4566: character represented by universal-character-name '\u4E2D' cannot be represented in the current code page (1252)
D:\XMUM\VS\Project2\Project2\FileName.cpp(2069,26): warning C4566: character represented by universal-character-name '\u5FC3' cannot be represented in the current code page (1252)
D:\XMUM\VS\Project2\Project2\FileName.cpp(2080,28): warning C4566: character represented by universal-character-name '\u6E29' cannot be represented in the current code page (1252)
D:\XMUM\VS\Project2\Project2\FileName.cpp(2080,28): warning C4566: character represented by universal-character-name '\u5BA4' cannot be represented in the current code page (1252)
D:\XMUM\VS\Project2\Project2\FileName.cpp(2093,26): warning C4566: character represented by universal-character-name '\u6C34' cannot be represented in the current code page (1252)
D:\XMUM\VS\Project2\Project2\FileName.cpp(2093,26): warning C4566: character represented by universal-character-name '\u5904' cannot be represented in the current code page (1252)
D:\XMUM\VS\Project2\Project2\FileName.cpp(2093,26): warning C4566: character represented by universal-character-name '\u7406' cannot be represented in the current code page (1252)
D:\XMUM\VS\Project2\Project2\FileName.cpp(2093,26): warning C4566: character represented by universal-character-name '\u7AD9' cannot be represented in the current code page (1252)
  Project2.vcxproj -> D:\XMUM\VS\Project2\x64\Debug\Project2.exe
